# JRE version: Java(TM) SE Runtime Environment (8.0_51-b16) (build 1.8.0_51-b16)
# Java VM: Java HotSpot(TM) 64-Bit Server VM (25.51-b03 mixed mode bsd-amd64 compressed oops)
Heap:
 PSYoungGen      total 513024K, used 182511K [0x000000076ab00000, 0x0000000791300000, 0x00000007c0000000)
  eden space 496128K, 33% used [0x000000076ab00000,0x0000000774eadbc0,0x0000000788f80000)
  from space 16896K, 88% used [0x0000000788f80000,0x0000000789e0e318,0x000000078a000000)
  to   space 18432K, 0% used [0x0000000790100000,0x0000000790100000,0x0000000791300000)
 ParOldGen       total 128000K, used 23208K [0x00000006c0000000, 0x00000006c7d00000, 0x000000076ab00000)
  object space 128000K, 18% used [0x00000006c0000000,0x00000006c16aa090,0x00000006c7d00000)
 Metaspace       used 40136K, capacity 54280K, committed 54528K, reserved 1089536K
  class space    used 10550K, capacity 15328K, committed 15360K, reserved 1048576K
GC Heap History (10 events):
Event: 80.345 GC heap before
{Heap before GC invocations=9 (full 2):
 PSYoungGen      total 276480K, used 8053K [0x000000076ab00000, 0x000000078c000000, 0x00000007c0000000)
  eden space 259584K, 0% used [0x000000076ab00000,0x000000076ab00000,0x000000077a880000)
  from space 16896K, 47% used [0x000000077a880000,0x000000077b05d520,0x000000077b900000)
  to   space 16384K, 0% used [0x000000078b000000,0x000000078b000000,0x000000078c000000)
 ParOldGen       total 87040K, used 16502K [0x00000006c0000000, 0x00000006c5500000, 0x000000076ab00000)
  object space 87040K, 18% used [0x00000006c0000000,0x00000006c101da58,0x00000006c5500000)
 Metaspace       used 28762K, capacity 35296K, committed 35416K, reserved 1075200K
  class space    used 7039K, capacity 9343K, committed 9344K, reserved 1048576K
Event: 80.468 GC heap after
Heap after GC invocations=9 (full 2):
 PSYoungGen      total 276480K, used 0K [0x000000076ab00000, 0x000000078c000000, 0x00000007c0000000)
  eden space 259584K, 0% used [0x000000076ab00000,0x000000076ab00000,0x000000077a880000)
  from space 16896K, 0% used [0x000000077a880000,0x000000077a880000,0x000000077b900000)
  to   space 16384K, 0% used [0x000000078b000000,0x000000078b000000,0x000000078c000000)
 ParOldGen       total 128000K, used 23176K [0x00000006c0000000, 0x00000006c7d00000, 0x000000076ab00000)
  object space 128000K, 18% used [0x00000006c0000000,0x00000006c16a2090,0x00000006c7d00000)
 Metaspace       used 28762K, capacity 35296K, committed 35416K, reserved 1075200K
  class space    used 7039K, capacity 9343K, committed 9344K, reserved 1048576K
}
Event: 80.884 GC heap before
{Heap before GC invocations=10 (full 2):
 PSYoungGen      total 276480K, used 259584K [0x000000076ab00000, 0x000000078c000000, 0x00000007c0000000)
  eden space 259584K, 100% used [0x000000076ab00000,0x000000077a880000,0x000000077a880000)
  from space 16896K, 0% used [0x000000077a880000,0x000000077a880000,0x000000077b900000)
  to   space 16384K, 0% used [0x000000078b000000,0x000000078b000000,0x000000078c000000)
 ParOldGen       total 128000K, used 23176K [0x00000006c0000000, 0x00000006c7d00000, 0x000000076ab00000)
  object space 128000K, 18% used [0x00000006c0000000,0x00000006c16a2090,0x00000006c7d00000)
 Metaspace       used 29661K, capacity 36596K, committed 36864K, reserved 1077248K
  class space    used 7432K, capacity 9927K, committed 9984K, reserved 1048576K
Event: 80.887 GC heap after
Heap after GC invocations=10 (full 2):
 PSYoungGen      total 374784K, used 3262K [0x000000076ab00000, 0x000000078b380000, 0x00000007c0000000)
  eden space 371200K, 0% used [0x000000076ab00000,0x000000076ab00000,0x0000000781580000)
  from space 3584K, 91% used [0x000000078b000000,0x000000078b32fb98,0x000000078b380000)
  to   space 16896K, 0% used [0x0000000789280000,0x0000000789280000,0x000000078a300000)
 ParOldGen       total 128000K, used 23184K [0x00000006c0000000, 0x00000006c7d00000, 0x000000076ab00000)
  object space 128000K, 18% used [0x00000006c0000000,0x00000006c16a4090,0x00000006c7d00000)
 Metaspace       used 29661K, capacity 36596K, committed 36864K, reserved 1077248K
  class space    used 7432K, capacity 9927K, committed 9984K, reserved 1048576K
}
Event: 81.199 GC heap before
{Heap before GC invocations=11 (full 2):
 PSYoungGen      total 374784K, used 374462K [0x000000076ab00000, 0x000000078b380000, 0x00000007c0000000)
  eden space 371200K, 100% used [0x000000076ab00000,0x0000000781580000,0x0000000781580000)
  from space 3584K, 91% used [0x000000078b000000,0x000000078b32fb98,0x000000078b380000)
  to   space 16896K, 0% used [0x0000000789280000,0x0000000789280000,0x000000078a300000)
 ParOldGen       total 128000K, used 23184K [0x00000006c0000000, 0x00000006c7d00000, 0x000000076ab00000)
  object space 128000K, 18% used [0x00000006c0000000,0x00000006c16a4090,0x00000006c7d00000)
 Metaspace       used 29661K, capacity 36596K, committed 36864K, reserved 1077248K
  class space    used 7432K, capacity 9927K, committed 9984K, reserved 1048576K
Event: 81.203 GC heap after
Heap after GC invocations=11 (full 2):
 PSYoungGen      total 463872K, used 3872K [0x000000076ab00000, 0x000000078b080000, 0x00000007c0000000)
  eden space 459776K, 0% used [0x000000076ab00000,0x000000076ab00000,0x0000000786c00000)
  from space 4096K, 94% used [0x0000000789280000,0x0000000789648000,0x0000000789680000)
  to   space 16896K, 0% used [0x000000078a000000,0x000000078a000000,0x000000078b080000)
 ParOldGen       total 128000K, used 23192K [0x00000006c0000000, 0x00000006c7d00000, 0x000000076ab00000)
  object space 128000K, 18% used [0x00000006c0000000,0x00000006c16a6090,0x00000006c7d00000)
 Metaspace       used 29661K, capacity 36596K, committed 36864K, reserved 1077248K
  class space    used 7432K, capacity 9927K, committed 9984K, reserved 1048576K
}
Event: 82.058 GC heap before
{Heap before GC invocations=12 (full 2):
 PSYoungGen      total 463872K, used 463648K [0x000000076ab00000, 0x000000078b080000, 0x00000007c0000000)
  eden space 459776K, 100% used [0x000000076ab00000,0x0000000786c00000,0x0000000786c00000)
  from space 4096K, 94% used [0x0000000789280000,0x0000000789648000,0x0000000789680000)
  to   space 16896K, 0% used [0x000000078a000000,0x000000078a000000,0x000000078b080000)
 ParOldGen       total 128000K, used 23192K [0x00000006c0000000, 0x00000006c7d00000, 0x000000076ab00000)
  object space 128000K, 18% used [0x00000006c0000000,0x00000006c16a6090,0x00000006c7d00000)
 Metaspace       used 32426K, capacity 41148K, committed 41472K, reserved 1079296K
  class space    used 8281K, capacity 11411K, committed 11520K, reserved 1048576K
Event: 82.066 GC heap after
Heap after GC invocations=12 (full 2):
 PSYoungGen      total 513024K, used 10176K [0x000000076ab00000, 0x000000078ef00000, 0x00000007c0000000)
  eden space 496128K, 0% used [0x000000076ab00000,0x000000076ab00000,0x0000000788f80000)
  from space 16896K, 60% used [0x000000078a000000,0x000000078a9f0010,0x000000078b080000)
  to   space 16896K, 0% used [0x0000000788f80000,0x0000000788f80000,0x000000078a000000)
 ParOldGen       total 128000K, used 23200K [0x00000006c0000000, 0x00000006c7d00000, 0x000000076ab00000)
  object space 128000K, 18% used [0x00000006c0000000,0x00000006c16a8090,0x00000006c7d00000)
 Metaspace       used 32426K, capacity 41148K, committed 41472K, reserved 1079296K
  class space    used 8281K, capacity 11411K, committed 11520K, reserved 1048576K
}
Event: 83.338 GC heap before
{Heap before GC invocations=13 (full 2):
 PSYoungGen      total 513024K, used 506304K [0x000000076ab00000, 0x000000078ef00000, 0x00000007c0000000)
  eden space 496128K, 100% used [0x000000076ab00000,0x0000000788f80000,0x0000000788f80000)
  from space 16896K, 60% used [0x000000078a000000,0x000000078a9f0010,0x000000078b080000)
  to   space 16896K, 0% used [0x0000000788f80000,0x0000000788f80000,0x000000078a000000)
 ParOldGen       total 128000K, used 23200K [0x00000006c0000000, 0x00000006c7d00000, 0x000000076ab00000)
  object space 128000K, 18% used [0x00000006c0000000,0x00000006c16a8090,0x00000006c7d00000)
 Metaspace       used 37063K, capacity 49792K, committed 50048K, reserved 1085440K
  class space    used 9603K, capacity 13874K, committed 13952K, reserved 1048576K
Event: 83.347 GC heap after
Heap after GC invocations=13 (full 2):
 PSYoungGen      total 513024K, used 14904K [0x000000076ab00000, 0x0000000791300000, 0x00000007c0000000)
  eden space 496128K, 0% used [0x000000076ab00000,0x000000076ab00000,0x0000000788f80000)
  from space 16896K, 88% used [0x0000000788f80000,0x0000000789e0e318,0x000000078a000000)
  to   space 18432K, 0% used [0x0000000790100000,0x0000000790100000,0x0000000791300000)
 ParOldGen       total 128000K, used 23208K [0x00000006c0000000, 0x00000006c7d00000, 0x000000076ab00000)
  object space 128000K, 18% used [0x00000006c0000000,0x00000006c16aa090,0x00000006c7d00000)
 Metaspace       used 37063K, capacity 49792K, committed 50048K, reserved 1085440K
  class space    used 9603K, capacity 13874K, committed 13952K, reserved 1048576K
}

