# JRE version: Java(TM) SE Runtime Environment (8.0_51-b16) (build 1.8.0_51-b16)
# Java VM: Java HotSpot(TM) 64-Bit Server VM (25.51-b03 mixed mode bsd-amd64 compressed oops)
Heap:
 PSYoungGen      total 392192K, used 138166K [0x000000076ab00000, 0x000000078e600000, 0x00000007c0000000)
  eden space 381952K, 33% used [0x000000076ab00000,0x0000000772805220,0x0000000782000000)
  from space 10240K, 99% used [0x000000078dc00000,0x000000078e5e88c0,0x000000078e600000)
  to   space 23040K, 0% used [0x000000078b900000,0x000000078b900000,0x000000078cf80000)
 ParOldGen       total 201216K, used 60695K [0x00000006c0000000, 0x00000006cc480000, 0x000000076ab00000)
  object space 201216K, 30% used [0x00000006c0000000,0x00000006c3b45f58,0x00000006cc480000)
 Metaspace       used 57792K, capacity 83310K, committed 83416K, reserved 1107968K
  class space    used 15716K, capacity 25506K, committed 25600K, reserved 1048576K
GC Heap History (10 events):
Event: 2936.752 GC heap before
{Heap before GC invocations=29 (full 3):
 PSYoungGen      total 471552K, used 471360K [0x000000076ab00000, 0x0000000790b80000, 0x00000007c0000000)
  eden space 458240K, 100% used [0x000000076ab00000,0x0000000786a80000,0x0000000786a80000)
  from space 13312K, 98% used [0x000000078ee80000,0x000000078fb50030,0x000000078fb80000)
  to   space 16384K, 0% used [0x000000078fb80000,0x000000078fb80000,0x0000000790b80000)
 ParOldGen       total 201216K, used 47191K [0x00000006c0000000, 0x00000006cc480000, 0x000000076ab00000)
  object space 201216K, 23% used [0x00000006c0000000,0x00000006c2e15d38,0x00000006cc480000)
 Metaspace       used 57792K, capacity 83310K, committed 83416K, reserved 1107968K
  class space    used 15716K, capacity 25506K, committed 25600K, reserved 1048576K
Event: 2936.763 GC heap after
Heap after GC invocations=29 (full 3):
 PSYoungGen      total 457728K, used 16118K [0x000000076ab00000, 0x0000000790b80000, 0x00000007c0000000)
  eden space 441344K, 0% used [0x000000076ab00000,0x000000076ab00000,0x0000000785a00000)
  from space 16384K, 98% used [0x000000078fb80000,0x0000000790b3db60,0x0000000790b80000)
  to   space 21504K, 0% used [0x000000078e180000,0x000000078e180000,0x000000078f680000)
 ParOldGen       total 201216K, used 47191K [0x00000006c0000000, 0x00000006cc480000, 0x000000076ab00000)
  object space 201216K, 23% used [0x00000006c0000000,0x00000006c2e15d38,0x00000006cc480000)
 Metaspace       used 57792K, capacity 83310K, committed 83416K, reserved 1107968K
  class space    used 15716K, capacity 25506K, committed 25600K, reserved 1048576K
}
Event: 5142.710 GC heap before
{Heap before GC invocations=30 (full 3):
 PSYoungGen      total 457728K, used 457462K [0x000000076ab00000, 0x0000000790b80000, 0x00000007c0000000)
  eden space 441344K, 100% used [0x000000076ab00000,0x0000000785a00000,0x0000000785a00000)
  from space 16384K, 98% used [0x000000078fb80000,0x0000000790b3db60,0x0000000790b80000)
  to   space 21504K, 0% used [0x000000078e180000,0x000000078e180000,0x000000078f680000)
 ParOldGen       total 201216K, used 47191K [0x00000006c0000000, 0x00000006cc480000, 0x000000076ab00000)
  object space 201216K, 23% used [0x00000006c0000000,0x00000006c2e15d38,0x00000006cc480000)
 Metaspace       used 57792K, capacity 83310K, committed 83416K, reserved 1107968K
  class space    used 15716K, capacity 25506K, committed 25600K, reserved 1048576K
Event: 5142.722 GC heap after
Heap after GC invocations=30 (full 3):
 PSYoungGen      total 443392K, used 17622K [0x000000076ab00000, 0x000000078fc00000, 0x00000007c0000000)
  eden space 425472K, 0% used [0x000000076ab00000,0x000000076ab00000,0x0000000784a80000)
  from space 17920K, 98% used [0x000000078e180000,0x000000078f2b5b60,0x000000078f300000)
  to   space 9216K, 0% used [0x000000078f300000,0x000000078f300000,0x000000078fc00000)
 ParOldGen       total 201216K, used 47191K [0x00000006c0000000, 0x00000006cc480000, 0x000000076ab00000)
  object space 201216K, 23% used [0x00000006c0000000,0x00000006c2e15d38,0x00000006cc480000)
 Metaspace       used 57792K, capacity 83310K, committed 83416K, reserved 1107968K
  class space    used 15716K, capacity 25506K, committed 25600K, reserved 1048576K
}
Event: 5171.043 GC heap before
{Heap before GC invocations=31 (full 3):
 PSYoungGen      total 443392K, used 443094K [0x000000076ab00000, 0x000000078fc00000, 0x00000007c0000000)
  eden space 425472K, 100% used [0x000000076ab00000,0x0000000784a80000,0x0000000784a80000)
  from space 17920K, 98% used [0x000000078e180000,0x000000078f2b5b60,0x000000078f300000)
  to   space 9216K, 0% used [0x000000078f300000,0x000000078f300000,0x000000078fc00000)
 ParOldGen       total 201216K, used 47191K [0x00000006c0000000, 0x00000006cc480000, 0x000000076ab00000)
  object space 201216K, 23% used [0x00000006c0000000,0x00000006c2e15d38,0x00000006cc480000)
 Metaspace       used 57792K, capacity 83310K, committed 83416K, reserved 1107968K
  class space    used 15716K, capacity 25506K, committed 25600K, reserved 1048576K
Event: 5171.061 GC heap after
Heap after GC invocations=31 (full 3):
 PSYoungGen      total 419328K, used 9184K [0x000000076ab00000, 0x000000078fc00000, 0x00000007c0000000)
  eden space 410112K, 0% used [0x000000076ab00000,0x000000076ab00000,0x0000000783b80000)
  from space 9216K, 99% used [0x000000078f300000,0x000000078fbf8030,0x000000078fc00000)
  to   space 24576K, 0% used [0x000000078cc00000,0x000000078cc00000,0x000000078e400000)
 ParOldGen       total 201216K, used 57238K [0x00000006c0000000, 0x00000006cc480000, 0x000000076ab00000)
  object space 201216K, 28% used [0x00000006c0000000,0x00000006c37e5868,0x00000006cc480000)
 Metaspace       used 57792K, capacity 83310K, committed 83416K, reserved 1107968K
  class space    used 15716K, capacity 25506K, committed 25600K, reserved 1048576K
}
Event: 5685.674 GC heap before
{Heap before GC invocations=32 (full 3):
 PSYoungGen      total 419328K, used 419296K [0x000000076ab00000, 0x000000078fc00000, 0x00000007c0000000)
  eden space 410112K, 100% used [0x000000076ab00000,0x0000000783b80000,0x0000000783b80000)
  from space 9216K, 99% used [0x000000078f300000,0x000000078fbf8030,0x000000078fc00000)
  to   space 24576K, 0% used [0x000000078cc00000,0x000000078cc00000,0x000000078e400000)
 ParOldGen       total 201216K, used 57238K [0x00000006c0000000, 0x00000006cc480000, 0x000000076ab00000)
  object space 201216K, 28% used [0x00000006c0000000,0x00000006c37e5868,0x00000006cc480000)
 Metaspace       used 57792K, capacity 83310K, committed 83416K, reserved 1107968K
  class space    used 15716K, capacity 25506K, committed 25600K, reserved 1048576K
Event: 5685.684 GC heap after
Heap after GC invocations=32 (full 3):
 PSYoungGen      total 403968K, used 8162K [0x000000076ab00000, 0x000000078f380000, 0x00000007c0000000)
  eden space 395776K, 0% used [0x000000076ab00000,0x000000076ab00000,0x0000000782d80000)
  from space 8192K, 99% used [0x000000078cc00000,0x000000078d3f88c0,0x000000078d400000)
  to   space 24064K, 0% used [0x000000078dc00000,0x000000078dc00000,0x000000078f380000)
 ParOldGen       total 201216K, used 60687K [0x00000006c0000000, 0x00000006cc480000, 0x000000076ab00000)
  object space 201216K, 30% used [0x00000006c0000000,0x00000006c3b43f58,0x00000006cc480000)
 Metaspace       used 57792K, capacity 83310K, committed 83416K, reserved 1107968K
  class space    used 15716K, capacity 25506K, committed 25600K, reserved 1048576K
}
Event: 6238.838 GC heap before
{Heap before GC invocations=33 (full 3):
 PSYoungGen      total 403968K, used 403938K [0x000000076ab00000, 0x000000078f380000, 0x00000007c0000000)
  eden space 395776K, 100% used [0x000000076ab00000,0x0000000782d80000,0x0000000782d80000)
  from space 8192K, 99% used [0x000000078cc00000,0x000000078d3f88c0,0x000000078d400000)
  to   space 24064K, 0% used [0x000000078dc00000,0x000000078dc00000,0x000000078f380000)
 ParOldGen       total 201216K, used 60687K [0x00000006c0000000, 0x00000006cc480000, 0x000000076ab00000)
  object space 201216K, 30% used [0x00000006c0000000,0x00000006c3b43f58,0x00000006cc480000)
 Metaspace       used 57792K, capacity 83310K, committed 83416K, reserved 1107968K
  class space    used 15716K, capacity 25506K, committed 25600K, reserved 1048576K
Event: 6238.847 GC heap after
Heap after GC invocations=33 (full 3):
 PSYoungGen      total 392192K, used 10146K [0x000000076ab00000, 0x000000078e600000, 0x00000007c0000000)
  eden space 381952K, 0% used [0x000000076ab00000,0x000000076ab00000,0x0000000782000000)
  from space 10240K, 99% used [0x000000078dc00000,0x000000078e5e88c0,0x000000078e600000)
  to   space 23040K, 0% used [0x000000078b900000,0x000000078b900000,0x000000078cf80000)
 ParOldGen       total 201216K, used 60695K [0x00000006c0000000, 0x00000006cc480000, 0x000000076ab00000)
  object space 201216K, 30% used [0x00000006c0000000,0x00000006c3b45f58,0x00000006cc480000)
 Metaspace       used 57792K, capacity 83310K, committed 83416K, reserved 1107968K
  class space    used 15716K, capacity 25506K, committed 25600K, reserved 1048576K
}

