# JRE version: Java(TM) SE Runtime Environment (8.0_51-b16) (build 1.8.0_51-b16)
# Java VM: Java HotSpot(TM) 64-Bit Server VM (25.51-b03 mixed mode bsd-amd64 compressed oops)
Heap:
 PSYoungGen      total 483840K, used 277220K [0x000000076ab00000, 0x000000078e780000, 0x00000007c0000000)
  eden space 466944K, 56% used [0x000000076ab00000,0x000000077abfc5d8,0x0000000787300000)
  from space 16896K, 83% used [0x0000000787300000,0x00000007880bccd0,0x0000000788380000)
  to   space 18432K, 0% used [0x000000078d580000,0x000000078d580000,0x000000078e780000)
 ParOldGen       total 138240K, used 24674K [0x00000006c0000000, 0x00000006c8700000, 0x000000076ab00000)
  object space 138240K, 17% used [0x00000006c0000000,0x00000006c1818bb8,0x00000006c8700000)
 Metaspace       used 40138K, capacity 54280K, committed 54528K, reserved 1089536K
  class space    used 10549K, capacity 15328K, committed 15360K, reserved 1048576K
GC Heap History (10 events):
Event: 29.313 GC heap before
{Heap before GC invocations=9 (full 2):
 PSYoungGen      total 271360K, used 8024K [0x000000076ab00000, 0x000000078a500000, 0x00000007c0000000)
  eden space 252928K, 0% used [0x000000076ab00000,0x000000076ab00000,0x000000077a200000)
  from space 18432K, 43% used [0x000000077a200000,0x000000077a9d62c8,0x000000077b400000)
  to   space 17408K, 0% used [0x0000000789400000,0x0000000789400000,0x000000078a500000)
 ParOldGen       total 92672K, used 18002K [0x00000006c0000000, 0x00000006c5a80000, 0x000000076ab00000)
  object space 92672K, 19% used [0x00000006c0000000,0x00000006c1194898,0x00000006c5a80000)
 Metaspace       used 28761K, capacity 35296K, committed 35416K, reserved 1075200K
  class space    used 7035K, capacity 9343K, committed 9344K, reserved 1048576K
Event: 29.435 GC heap after
Heap after GC invocations=9 (full 2):
 PSYoungGen      total 271360K, used 0K [0x000000076ab00000, 0x000000078a500000, 0x00000007c0000000)
  eden space 252928K, 0% used [0x000000076ab00000,0x000000076ab00000,0x000000077a200000)
  from space 18432K, 0% used [0x000000077a200000,0x000000077a200000,0x000000077b400000)
  to   space 17408K, 0% used [0x0000000789400000,0x0000000789400000,0x000000078a500000)
 ParOldGen       total 138240K, used 24642K [0x00000006c0000000, 0x00000006c8700000, 0x000000076ab00000)
  object space 138240K, 17% used [0x00000006c0000000,0x00000006c1810bb8,0x00000006c8700000)
 Metaspace       used 28761K, capacity 35296K, committed 35416K, reserved 1075200K
  class space    used 7035K, capacity 9343K, committed 9344K, reserved 1048576K
}
Event: 29.833 GC heap before
{Heap before GC invocations=10 (full 2):
 PSYoungGen      total 271360K, used 252928K [0x000000076ab00000, 0x000000078a500000, 0x00000007c0000000)
  eden space 252928K, 100% used [0x000000076ab00000,0x000000077a200000,0x000000077a200000)
  from space 18432K, 0% used [0x000000077a200000,0x000000077a200000,0x000000077b400000)
  to   space 17408K, 0% used [0x0000000789400000,0x0000000789400000,0x000000078a500000)
 ParOldGen       total 138240K, used 24642K [0x00000006c0000000, 0x00000006c8700000, 0x000000076ab00000)
  object space 138240K, 17% used [0x00000006c0000000,0x00000006c1810bb8,0x00000006c8700000)
 Metaspace       used 29661K, capacity 36596K, committed 36864K, reserved 1077248K
  class space    used 7427K, capacity 9927K, committed 9984K, reserved 1048576K
Event: 29.835 GC heap after
Heap after GC invocations=10 (full 2):
 PSYoungGen      total 353792K, used 3325K [0x000000076ab00000, 0x0000000789780000, 0x00000007c0000000)
  eden space 350208K, 0% used [0x000000076ab00000,0x000000076ab00000,0x0000000780100000)
  from space 3584K, 92% used [0x0000000789400000,0x000000078973f748,0x0000000789780000)
  to   space 17408K, 0% used [0x0000000787580000,0x0000000787580000,0x0000000788680000)
 ParOldGen       total 138240K, used 24650K [0x00000006c0000000, 0x00000006c8700000, 0x000000076ab00000)
  object space 138240K, 17% used [0x00000006c0000000,0x00000006c1812bb8,0x00000006c8700000)
 Metaspace       used 29661K, capacity 36596K, committed 36864K, reserved 1077248K
  class space    used 7427K, capacity 9927K, committed 9984K, reserved 1048576K
}
Event: 30.121 GC heap before
{Heap before GC invocations=11 (full 2):
 PSYoungGen      total 353792K, used 353533K [0x000000076ab00000, 0x0000000789780000, 0x00000007c0000000)
  eden space 350208K, 100% used [0x000000076ab00000,0x0000000780100000,0x0000000780100000)
  from space 3584K, 92% used [0x0000000789400000,0x000000078973f748,0x0000000789780000)
  to   space 17408K, 0% used [0x0000000787580000,0x0000000787580000,0x0000000788680000)
 ParOldGen       total 138240K, used 24650K [0x00000006c0000000, 0x00000006c8700000, 0x000000076ab00000)
  object space 138240K, 17% used [0x00000006c0000000,0x00000006c1812bb8,0x00000006c8700000)
 Metaspace       used 29661K, capacity 36596K, committed 36864K, reserved 1077248K
  class space    used 7427K, capacity 9927K, committed 9984K, reserved 1048576K
Event: 30.124 GC heap after
Heap after GC invocations=11 (full 2):
 PSYoungGen      total 427520K, used 3776K [0x000000076ab00000, 0x0000000789480000, 0x00000007c0000000)
  eden space 423424K, 0% used [0x000000076ab00000,0x000000076ab00000,0x0000000784880000)
  from space 4096K, 92% used [0x0000000787580000,0x0000000787930000,0x0000000787980000)
  to   space 17408K, 0% used [0x0000000788380000,0x0000000788380000,0x0000000789480000)
 ParOldGen       total 138240K, used 24658K [0x00000006c0000000, 0x00000006c8700000, 0x000000076ab00000)
  object space 138240K, 17% used [0x00000006c0000000,0x00000006c1814bb8,0x00000006c8700000)
 Metaspace       used 29661K, capacity 36596K, committed 36864K, reserved 1077248K
  class space    used 7427K, capacity 9927K, committed 9984K, reserved 1048576K
}
Event: 30.800 GC heap before
{Heap before GC invocations=12 (full 2):
 PSYoungGen      total 427520K, used 427200K [0x000000076ab00000, 0x0000000789480000, 0x00000007c0000000)
  eden space 423424K, 100% used [0x000000076ab00000,0x0000000784880000,0x0000000784880000)
  from space 4096K, 92% used [0x0000000787580000,0x0000000787930000,0x0000000787980000)
  to   space 17408K, 0% used [0x0000000788380000,0x0000000788380000,0x0000000789480000)
 ParOldGen       total 138240K, used 24658K [0x00000006c0000000, 0x00000006c8700000, 0x000000076ab00000)
  object space 138240K, 17% used [0x00000006c0000000,0x00000006c1814bb8,0x00000006c8700000)
 Metaspace       used 31739K, capacity 40058K, committed 40320K, reserved 1079296K
  class space    used 8083K, capacity 11073K, committed 11136K, reserved 1048576K
Event: 30.807 GC heap after
Heap after GC invocations=12 (full 2):
 PSYoungGen      total 484352K, used 9491K [0x000000076ab00000, 0x000000078b900000, 0x00000007c0000000)
  eden space 466944K, 0% used [0x000000076ab00000,0x000000076ab00000,0x0000000787300000)
  from space 17408K, 54% used [0x0000000788380000,0x0000000788cc4cd0,0x0000000789480000)
  to   space 16896K, 0% used [0x0000000787300000,0x0000000787300000,0x0000000788380000)
 ParOldGen       total 138240K, used 24666K [0x00000006c0000000, 0x00000006c8700000, 0x000000076ab00000)
  object space 138240K, 17% used [0x00000006c0000000,0x00000006c1816bb8,0x00000006c8700000)
 Metaspace       used 31739K, capacity 40058K, committed 40320K, reserved 1079296K
  class space    used 8083K, capacity 11073K, committed 11136K, reserved 1048576K
}
Event: 31.835 GC heap before
{Heap before GC invocations=13 (full 2):
 PSYoungGen      total 484352K, used 476435K [0x000000076ab00000, 0x000000078b900000, 0x00000007c0000000)
  eden space 466944K, 100% used [0x000000076ab00000,0x0000000787300000,0x0000000787300000)
  from space 17408K, 54% used [0x0000000788380000,0x0000000788cc4cd0,0x0000000789480000)
  to   space 16896K, 0% used [0x0000000787300000,0x0000000787300000,0x0000000788380000)
 ParOldGen       total 138240K, used 24666K [0x00000006c0000000, 0x00000006c8700000, 0x000000076ab00000)
  object space 138240K, 17% used [0x00000006c0000000,0x00000006c1816bb8,0x00000006c8700000)
 Metaspace       used 35678K, capacity 46980K, committed 47104K, reserved 1083392K
  class space    used 9208K, capacity 12938K, committed 13056K, reserved 1048576K
Event: 31.843 GC heap after
Heap after GC invocations=13 (full 2):
 PSYoungGen      total 483840K, used 14067K [0x000000076ab00000, 0x000000078e780000, 0x00000007c0000000)
  eden space 466944K, 0% used [0x000000076ab00000,0x000000076ab00000,0x0000000787300000)
  from space 16896K, 83% used [0x0000000787300000,0x00000007880bccd0,0x0000000788380000)
  to   space 18432K, 0% used [0x000000078d580000,0x000000078d580000,0x000000078e780000)
 ParOldGen       total 138240K, used 24674K [0x00000006c0000000, 0x00000006c8700000, 0x000000076ab00000)
  object space 138240K, 17% used [0x00000006c0000000,0x00000006c1818bb8,0x00000006c8700000)
 Metaspace       used 35678K, capacity 46980K, committed 47104K, reserved 1083392K
  class space    used 9208K, capacity 12938K, committed 13056K, reserved 1048576K
}

