# JRE version: Java(TM) SE Runtime Environment (8.0_51-b16) (build 1.8.0_51-b16)
# Java VM: Java HotSpot(TM) 64-Bit Server VM (25.51-b03 mixed mode bsd-amd64 compressed oops)
Heap:
 PSYoungGen      total 695808K, used 639921K [0x000000076ab00000, 0x0000000797480000, 0x00000007c0000000)
  eden space 687104K, 91% used [0x000000076ab00000,0x00000007913d3ae8,0x0000000794a00000)
  from space 8704K, 95% used [0x0000000796c00000,0x0000000797418ce0,0x0000000797480000)
  to   space 16384K, 0% used [0x0000000795480000,0x0000000795480000,0x0000000796480000)
 ParOldGen       total 120832K, used 25913K [0x00000006c0000000, 0x00000006c7600000, 0x000000076ab00000)
  object space 120832K, 21% used [0x00000006c0000000,0x00000006c194e698,0x00000006c7600000)
 Metaspace       used 39404K, capacity 53074K, committed 53336K, reserved 1087488K
  class space    used 10269K, capacity 14911K, committed 14936K, reserved 1048576K
GC Heap History (10 events):
Event: 62055.135 GC heap before
{Heap before GC invocations=8 (full 1):
 PSYoungGen      total 280576K, used 265731K [0x000000076ab00000, 0x000000077cf00000, 0x00000007c0000000)
  eden space 262144K, 100% used [0x000000076ab00000,0x000000077ab00000,0x000000077ab00000)
  from space 18432K, 19% used [0x000000077bd00000,0x000000077c080fb0,0x000000077cf00000)
  to   space 18432K, 0% used [0x000000077ab00000,0x000000077ab00000,0x000000077bd00000)
 ParOldGen       total 88064K, used 17217K [0x00000006c0000000, 0x00000006c5600000, 0x000000076ab00000)
  object space 88064K, 19% used [0x00000006c0000000,0x00000006c10d07e0,0x00000006c5600000)
 Metaspace       used 28618K, capacity 34942K, committed 35200K, reserved 1075200K
  class space    used 7005K, capacity 9314K, committed 9344K, reserved 1048576K
Event: 62055.143 GC heap after
Heap after GC invocations=8 (full 1):
 PSYoungGen      total 280576K, used 9051K [0x000000076ab00000, 0x000000078cd00000, 0x00000007c0000000)
  eden space 262144K, 0% used [0x000000076ab00000,0x000000076ab00000,0x000000077ab00000)
  from space 18432K, 49% used [0x000000077ab00000,0x000000077b3d6dd8,0x000000077bd00000)
  to   space 17408K, 0% used [0x000000078bc00000,0x000000078bc00000,0x000000078cd00000)
 ParOldGen       total 88064K, used 17225K [0x00000006c0000000, 0x00000006c5600000, 0x000000076ab00000)
  object space 88064K, 19% used [0x00000006c0000000,0x00000006c10d27e0,0x00000006c5600000)
 Metaspace       used 28618K, capacity 34942K, committed 35200K, reserved 1075200K
  class space    used 7005K, capacity 9314K, committed 9344K, reserved 1048576K
}
Event: 62055.258 GC heap before
{Heap before GC invocations=9 (full 1):
 PSYoungGen      total 280576K, used 46715K [0x000000076ab00000, 0x000000078cd00000, 0x00000007c0000000)
  eden space 262144K, 14% used [0x000000076ab00000,0x000000076cfc7e80,0x000000077ab00000)
  from space 18432K, 49% used [0x000000077ab00000,0x000000077b3d6dd8,0x000000077bd00000)
  to   space 17408K, 0% used [0x000000078bc00000,0x000000078bc00000,0x000000078cd00000)
 ParOldGen       total 88064K, used 17225K [0x00000006c0000000, 0x00000006c5600000, 0x000000076ab00000)
  object space 88064K, 19% used [0x00000006c0000000,0x00000006c10d27e0,0x00000006c5600000)
 Metaspace       used 28927K, capacity 35360K, committed 35416K, reserved 1075200K
  class space    used 7148K, capacity 9504K, committed 9560K, reserved 1048576K
Event: 62055.265 GC heap after
Heap after GC invocations=9 (full 1):
 PSYoungGen      total 539648K, used 9384K [0x000000076ab00000, 0x000000078cb00000, 0x00000007c0000000)
  eden space 524288K, 0% used [0x000000076ab00000,0x000000076ab00000,0x000000078ab00000)
  from space 15360K, 61% used [0x000000078bc00000,0x000000078c52a010,0x000000078cb00000)
  to   space 16384K, 0% used [0x000000078ab00000,0x000000078ab00000,0x000000078bb00000)
 ParOldGen       total 88064K, used 17233K [0x00000006c0000000, 0x00000006c5600000, 0x000000076ab00000)
  object space 88064K, 19% used [0x00000006c0000000,0x00000006c10d47e0,0x00000006c5600000)
 Metaspace       used 28927K, capacity 35360K, committed 35416K, reserved 1075200K
  class space    used 7148K, capacity 9504K, committed 9560K, reserved 1048576K
}
Event: 62055.265 GC heap before
{Heap before GC invocations=10 (full 2):
 PSYoungGen      total 539648K, used 9384K [0x000000076ab00000, 0x000000078cb00000, 0x00000007c0000000)
  eden space 524288K, 0% used [0x000000076ab00000,0x000000076ab00000,0x000000078ab00000)
  from space 15360K, 61% used [0x000000078bc00000,0x000000078c52a010,0x000000078cb00000)
  to   space 16384K, 0% used [0x000000078ab00000,0x000000078ab00000,0x000000078bb00000)
 ParOldGen       total 88064K, used 17233K [0x00000006c0000000, 0x00000006c5600000, 0x000000076ab00000)
  object space 88064K, 19% used [0x00000006c0000000,0x00000006c10d47e0,0x00000006c5600000)
 Metaspace       used 28927K, capacity 35360K, committed 35416K, reserved 1075200K
  class space    used 7148K, capacity 9504K, committed 9560K, reserved 1048576K
Event: 62055.381 GC heap after
Heap after GC invocations=10 (full 2):
 PSYoungGen      total 539648K, used 0K [0x000000076ab00000, 0x000000078cb00000, 0x00000007c0000000)
  eden space 524288K, 0% used [0x000000076ab00000,0x000000076ab00000,0x000000078ab00000)
  from space 15360K, 0% used [0x000000078bc00000,0x000000078bc00000,0x000000078cb00000)
  to   space 16384K, 0% used [0x000000078ab00000,0x000000078ab00000,0x000000078bb00000)
 ParOldGen       total 120832K, used 25897K [0x00000006c0000000, 0x00000006c7600000, 0x000000076ab00000)
  object space 120832K, 21% used [0x00000006c0000000,0x00000006c194a698,0x00000006c7600000)
 Metaspace       used 28927K, capacity 35360K, committed 35416K, reserved 1075200K
  class space    used 7148K, capacity 9504K, committed 9560K, reserved 1048576K
}
Event: 62055.884 GC heap before
{Heap before GC invocations=11 (full 2):
 PSYoungGen      total 539648K, used 524288K [0x000000076ab00000, 0x000000078cb00000, 0x00000007c0000000)
  eden space 524288K, 100% used [0x000000076ab00000,0x000000078ab00000,0x000000078ab00000)
  from space 15360K, 0% used [0x000000078bc00000,0x000000078bc00000,0x000000078cb00000)
  to   space 16384K, 0% used [0x000000078ab00000,0x000000078ab00000,0x000000078bb00000)
 ParOldGen       total 120832K, used 25897K [0x00000006c0000000, 0x00000006c7600000, 0x000000076ab00000)
  object space 120832K, 21% used [0x00000006c0000000,0x00000006c194a698,0x00000006c7600000)
 Metaspace       used 28963K, capacity 35398K, committed 35672K, reserved 1075200K
  class space    used 7155K, capacity 9510K, committed 9560K, reserved 1048576K
Event: 62055.886 GC heap after
Heap after GC invocations=11 (full 2):
 PSYoungGen      total 540672K, used 1600K [0x000000076ab00000, 0x0000000797d00000, 0x00000007c0000000)
  eden space 524288K, 0% used [0x000000076ab00000,0x000000076ab00000,0x000000078ab00000)
  from space 16384K, 9% used [0x000000078ab00000,0x000000078ac90000,0x000000078bb00000)
  to   space 17408K, 0% used [0x0000000796c00000,0x0000000796c00000,0x0000000797d00000)
 ParOldGen       total 120832K, used 25905K [0x00000006c0000000, 0x00000006c7600000, 0x000000076ab00000)
  object space 120832K, 21% used [0x00000006c0000000,0x00000006c194c698,0x00000006c7600000)
 Metaspace       used 28963K, capacity 35398K, committed 35672K, reserved 1075200K
  class space    used 7155K, capacity 9510K, committed 9560K, reserved 1048576K
}
Event: 62056.833 GC heap before
{Heap before GC invocations=12 (full 2):
 PSYoungGen      total 540672K, used 525888K [0x000000076ab00000, 0x0000000797d00000, 0x00000007c0000000)
  eden space 524288K, 100% used [0x000000076ab00000,0x000000078ab00000,0x000000078ab00000)
  from space 16384K, 9% used [0x000000078ab00000,0x000000078ac90000,0x000000078bb00000)
  to   space 17408K, 0% used [0x0000000796c00000,0x0000000796c00000,0x0000000797d00000)
 ParOldGen       total 120832K, used 25905K [0x00000006c0000000, 0x00000006c7600000, 0x000000076ab00000)
  object space 120832K, 21% used [0x00000006c0000000,0x00000006c194c698,0x00000006c7600000)
 Metaspace       used 32270K, capacity 40724K, committed 41048K, reserved 1079296K
  class space    used 8162K, capacity 11236K, committed 11352K, reserved 1048576K
Event: 62056.839 GC heap after
Heap after GC invocations=12 (full 2):
 PSYoungGen      total 695808K, used 8291K [0x000000076ab00000, 0x0000000797480000, 0x00000007c0000000)
  eden space 687104K, 0% used [0x000000076ab00000,0x000000076ab00000,0x0000000794a00000)
  from space 8704K, 95% used [0x0000000796c00000,0x0000000797418ce0,0x0000000797480000)
  to   space 16384K, 0% used [0x0000000795480000,0x0000000795480000,0x0000000796480000)
 ParOldGen       total 120832K, used 25913K [0x00000006c0000000, 0x00000006c7600000, 0x000000076ab00000)
  object space 120832K, 21% used [0x00000006c0000000,0x00000006c194e698,0x00000006c7600000)
 Metaspace       used 32270K, capacity 40724K, committed 41048K, reserved 1079296K
  class space    used 8162K, capacity 11236K, committed 11352K, reserved 1048576K
}

