# JRE version: Java(TM) SE Runtime Environment (8.0_51-b16) (build 1.8.0_51-b16)
# Java VM: Java HotSpot(TM) 64-Bit Server VM (25.51-b03 mixed mode bsd-amd64 compressed oops)
Heap:
 PSYoungGen      total 465920K, used 305093K [0x000000076ab00000, 0x000000078dc80000, 0x00000007c0000000)
  eden space 449536K, 64% used [0x000000076ab00000,0x000000077c782650,0x0000000786200000)
  from space 16384K, 83% used [0x0000000786200000,0x0000000786f6efc8,0x0000000787200000)
  to   space 17408K, 0% used [0x000000078cb80000,0x000000078cb80000,0x000000078dc80000)
 ParOldGen       total 141824K, used 23216K [0x00000006c0000000, 0x00000006c8a80000, 0x000000076ab00000)
  object space 141824K, 16% used [0x00000006c0000000,0x00000006c16ac288,0x00000006c8a80000)
 Metaspace       used 40079K, capacity 54180K, committed 54488K, reserved 1089536K
  class space    used 10535K, capacity 15296K, committed 15360K, reserved 1048576K
GC Heap History (10 events):
Event: 7.369 GC heap before
{Heap before GC invocations=9 (full 2):
 PSYoungGen      total 267776K, used 9347K [0x000000076ab00000, 0x0000000785e00000, 0x00000007c0000000)
  eden space 250880K, 0% used [0x000000076ab00000,0x000000076ab00000,0x000000077a000000)
  from space 16896K, 55% used [0x000000077a000000,0x000000077a920e30,0x000000077b080000)
  to   space 15872K, 0% used [0x0000000784e80000,0x0000000784e80000,0x0000000785e00000)
 ParOldGen       total 97280K, used 16517K [0x00000006c0000000, 0x00000006c5f00000, 0x000000076ab00000)
  object space 97280K, 16% used [0x00000006c0000000,0x00000006c1021498,0x00000006c5f00000)
 Metaspace       used 28746K, capacity 35296K, committed 35416K, reserved 1075200K
  class space    used 7033K, capacity 9343K, committed 9344K, reserved 1048576K
Event: 7.487 GC heap after
Heap after GC invocations=9 (full 2):
 PSYoungGen      total 267776K, used 0K [0x000000076ab00000, 0x0000000785e00000, 0x00000007c0000000)
  eden space 250880K, 0% used [0x000000076ab00000,0x000000076ab00000,0x000000077a000000)
  from space 16896K, 0% used [0x000000077a000000,0x000000077a000000,0x000000077b080000)
  to   space 15872K, 0% used [0x0000000784e80000,0x0000000784e80000,0x0000000785e00000)
 ParOldGen       total 141824K, used 23184K [0x00000006c0000000, 0x00000006c8a80000, 0x000000076ab00000)
  object space 141824K, 16% used [0x00000006c0000000,0x00000006c16a4288,0x00000006c8a80000)
 Metaspace       used 28746K, capacity 35296K, committed 35416K, reserved 1075200K
  class space    used 7033K, capacity 9343K, committed 9344K, reserved 1048576K
}
Event: 7.891 GC heap before
{Heap before GC invocations=10 (full 2):
 PSYoungGen      total 267776K, used 250880K [0x000000076ab00000, 0x0000000785e00000, 0x00000007c0000000)
  eden space 250880K, 100% used [0x000000076ab00000,0x000000077a000000,0x000000077a000000)
  from space 16896K, 0% used [0x000000077a000000,0x000000077a000000,0x000000077b080000)
  to   space 15872K, 0% used [0x0000000784e80000,0x0000000784e80000,0x0000000785e00000)
 ParOldGen       total 141824K, used 23184K [0x00000006c0000000, 0x00000006c8a80000, 0x000000076ab00000)
  object space 141824K, 16% used [0x00000006c0000000,0x00000006c16a4288,0x00000006c8a80000)
 Metaspace       used 29645K, capacity 36596K, committed 36824K, reserved 1077248K
  class space    used 7426K, capacity 9927K, committed 9984K, reserved 1048576K
Event: 7.894 GC heap after
Heap after GC invocations=10 (full 2):
 PSYoungGen      total 365568K, used 3262K [0x000000076ab00000, 0x0000000785200000, 0x00000007c0000000)
  eden space 361984K, 0% used [0x000000076ab00000,0x000000076ab00000,0x0000000780c80000)
  from space 3584K, 91% used [0x0000000784e80000,0x00000007851afb98,0x0000000785200000)
  to   space 16384K, 0% used [0x0000000783200000,0x0000000783200000,0x0000000784200000)
 ParOldGen       total 141824K, used 23192K [0x00000006c0000000, 0x00000006c8a80000, 0x000000076ab00000)
  object space 141824K, 16% used [0x00000006c0000000,0x00000006c16a6288,0x00000006c8a80000)
 Metaspace       used 29645K, capacity 36596K, committed 36824K, reserved 1077248K
  class space    used 7426K, capacity 9927K, committed 9984K, reserved 1048576K
}
Event: 8.162 GC heap before
{Heap before GC invocations=11 (full 2):
 PSYoungGen      total 365568K, used 365246K [0x000000076ab00000, 0x0000000785200000, 0x00000007c0000000)
  eden space 361984K, 100% used [0x000000076ab00000,0x0000000780c80000,0x0000000780c80000)
  from space 3584K, 91% used [0x0000000784e80000,0x00000007851afb98,0x0000000785200000)
  to   space 16384K, 0% used [0x0000000783200000,0x0000000783200000,0x0000000784200000)
 ParOldGen       total 141824K, used 23192K [0x00000006c0000000, 0x00000006c8a80000, 0x000000076ab00000)
  object space 141824K, 16% used [0x00000006c0000000,0x00000006c16a6288,0x00000006c8a80000)
 Metaspace       used 29645K, capacity 36596K, committed 36824K, reserved 1077248K
  class space    used 7426K, capacity 9927K, committed 9984K, reserved 1048576K
Event: 8.165 GC heap after
Heap after GC invocations=11 (full 2):
 PSYoungGen      total 416768K, used 3808K [0x000000076ab00000, 0x0000000788200000, 0x00000007c0000000)
  eden space 400384K, 0% used [0x000000076ab00000,0x000000076ab00000,0x0000000783200000)
  from space 16384K, 23% used [0x0000000783200000,0x00000007835b8000,0x0000000784200000)
  to   space 16384K, 0% used [0x0000000787200000,0x0000000787200000,0x0000000788200000)
 ParOldGen       total 141824K, used 23200K [0x00000006c0000000, 0x00000006c8a80000, 0x000000076ab00000)
  object space 141824K, 16% used [0x00000006c0000000,0x00000006c16a8288,0x00000006c8a80000)
 Metaspace       used 29645K, capacity 36596K, committed 36824K, reserved 1077248K
  class space    used 7426K, capacity 9927K, committed 9984K, reserved 1048576K
}
Event: 8.754 GC heap before
{Heap before GC invocations=12 (full 2):
 PSYoungGen      total 416768K, used 404192K [0x000000076ab00000, 0x0000000788200000, 0x00000007c0000000)
  eden space 400384K, 100% used [0x000000076ab00000,0x0000000783200000,0x0000000783200000)
  from space 16384K, 23% used [0x0000000783200000,0x00000007835b8000,0x0000000784200000)
  to   space 16384K, 0% used [0x0000000787200000,0x0000000787200000,0x0000000788200000)
 ParOldGen       total 141824K, used 23200K [0x00000006c0000000, 0x00000006c8a80000, 0x000000076ab00000)
  object space 141824K, 16% used [0x00000006c0000000,0x00000006c16a8288,0x00000006c8a80000)
 Metaspace       used 31429K, capacity 39558K, committed 39896K, reserved 1079296K
  class space    used 8002K, capacity 10905K, committed 11008K, reserved 1048576K
Event: 8.761 GC heap after
Heap after GC invocations=12 (full 2):
 PSYoungGen      total 465920K, used 9536K [0x000000076ab00000, 0x000000078a880000, 0x00000007c0000000)
  eden space 449536K, 0% used [0x000000076ab00000,0x000000076ab00000,0x0000000786200000)
  from space 16384K, 58% used [0x0000000787200000,0x0000000787b50010,0x0000000788200000)
  to   space 16384K, 0% used [0x0000000786200000,0x0000000786200000,0x0000000787200000)
 ParOldGen       total 141824K, used 23208K [0x00000006c0000000, 0x00000006c8a80000, 0x000000076ab00000)
  object space 141824K, 16% used [0x00000006c0000000,0x00000006c16aa288,0x00000006c8a80000)
 Metaspace       used 31429K, capacity 39558K, committed 39896K, reserved 1079296K
  class space    used 8002K, capacity 10905K, committed 11008K, reserved 1048576K
}
Event: 9.759 GC heap before
{Heap before GC invocations=13 (full 2):
 PSYoungGen      total 465920K, used 459072K [0x000000076ab00000, 0x000000078a880000, 0x00000007c0000000)
  eden space 449536K, 100% used [0x000000076ab00000,0x0000000786200000,0x0000000786200000)
  from space 16384K, 58% used [0x0000000787200000,0x0000000787b50010,0x0000000788200000)
  to   space 16384K, 0% used [0x0000000786200000,0x0000000786200000,0x0000000787200000)
 ParOldGen       total 141824K, used 23208K [0x00000006c0000000, 0x00000006c8a80000, 0x000000076ab00000)
  object space 141824K, 16% used [0x00000006c0000000,0x00000006c16aa288,0x00000006c8a80000)
 Metaspace       used 35428K, capacity 46164K, committed 46296K, reserved 1083392K
  class space    used 9143K, capacity 12687K, committed 12800K, reserved 1048576K
Event: 9.768 GC heap after
Heap after GC invocations=13 (full 2):
 PSYoungGen      total 465920K, used 13755K [0x000000076ab00000, 0x000000078dc80000, 0x00000007c0000000)
  eden space 449536K, 0% used [0x000000076ab00000,0x000000076ab00000,0x0000000786200000)
  from space 16384K, 83% used [0x0000000786200000,0x0000000786f6efc8,0x0000000787200000)
  to   space 17408K, 0% used [0x000000078cb80000,0x000000078cb80000,0x000000078dc80000)
 ParOldGen       total 141824K, used 23216K [0x00000006c0000000, 0x00000006c8a80000, 0x000000076ab00000)
  object space 141824K, 16% used [0x00000006c0000000,0x00000006c16ac288,0x00000006c8a80000)
 Metaspace       used 35428K, capacity 46164K, committed 46296K, reserved 1083392K
  class space    used 9143K, capacity 12687K, committed 12800K, reserved 1048576K
}

