# JRE version: Java(TM) SE Runtime Environment (8.0_51-b16) (build 1.8.0_51-b16)
# Java VM: Java HotSpot(TM) 64-Bit Server VM (25.51-b03 mixed mode bsd-amd64 compressed oops)
Heap:
 PSYoungGen      total 521728K, used 176841K [0x000000076ab00000, 0x0000000791d80000, 0x00000007c0000000)
  eden space 504832K, 32% used [0x000000076ab00000,0x00000007748f8478,0x0000000789800000)
  from space 16896K, 89% used [0x0000000789800000,0x000000078a6ba308,0x000000078a880000)
  to   space 18432K, 0% used [0x0000000790b80000,0x0000000790b80000,0x0000000791d80000)
 ParOldGen       total 128512K, used 23214K [0x00000006c0000000, 0x00000006c7d80000, 0x000000076ab00000)
  object space 128512K, 18% used [0x00000006c0000000,0x00000006c16abb68,0x00000006c7d80000)
 Metaspace       used 40141K, capacity 54388K, committed 54616K, reserved 1089536K
  class space    used 10553K, capacity 15344K, committed 15448K, reserved 1048576K
GC Heap History (10 events):
Event: 496.018 GC heap before
{Heap before GC invocations=9 (full 2):
 PSYoungGen      total 279040K, used 7360K [0x000000076ab00000, 0x000000078c900000, 0x00000007c0000000)
  eden space 261120K, 0% used [0x000000076ab00000,0x000000076ab00000,0x000000077aa00000)
  from space 17920K, 41% used [0x000000077aa00000,0x000000077b130120,0x000000077bb80000)
  to   space 16896K, 0% used [0x000000078b880000,0x000000078b880000,0x000000078c900000)
 ParOldGen       total 86528K, used 16526K [0x00000006c0000000, 0x00000006c5480000, 0x000000076ab00000)
  object space 86528K, 19% used [0x00000006c0000000,0x00000006c1023af8,0x00000006c5480000)
 Metaspace       used 28780K, capacity 35316K, committed 35416K, reserved 1075200K
  class space    used 7025K, capacity 9303K, committed 9304K, reserved 1048576K
Event: 496.139 GC heap after
Heap after GC invocations=9 (full 2):
 PSYoungGen      total 279040K, used 0K [0x000000076ab00000, 0x000000078c900000, 0x00000007c0000000)
  eden space 261120K, 0% used [0x000000076ab00000,0x000000076ab00000,0x000000077aa00000)
  from space 17920K, 0% used [0x000000077aa00000,0x000000077aa00000,0x000000077bb80000)
  to   space 16896K, 0% used [0x000000078b880000,0x000000078b880000,0x000000078c900000)
 ParOldGen       total 128512K, used 23182K [0x00000006c0000000, 0x00000006c7d80000, 0x000000076ab00000)
  object space 128512K, 18% used [0x00000006c0000000,0x00000006c16a3b68,0x00000006c7d80000)
 Metaspace       used 28780K, capacity 35316K, committed 35416K, reserved 1075200K
  class space    used 7025K, capacity 9303K, committed 9304K, reserved 1048576K
}
Event: 496.559 GC heap before
{Heap before GC invocations=10 (full 2):
 PSYoungGen      total 279040K, used 261120K [0x000000076ab00000, 0x000000078c900000, 0x00000007c0000000)
  eden space 261120K, 100% used [0x000000076ab00000,0x000000077aa00000,0x000000077aa00000)
  from space 17920K, 0% used [0x000000077aa00000,0x000000077aa00000,0x000000077bb80000)
  to   space 16896K, 0% used [0x000000078b880000,0x000000078b880000,0x000000078c900000)
 ParOldGen       total 128512K, used 23182K [0x00000006c0000000, 0x00000006c7d80000, 0x000000076ab00000)
  object space 128512K, 18% used [0x00000006c0000000,0x00000006c16a3b68,0x00000006c7d80000)
 Metaspace       used 29732K, capacity 36708K, committed 36824K, reserved 1077248K
  class space    used 7443K, capacity 9943K, committed 9944K, reserved 1048576K
Event: 496.562 GC heap after
Heap after GC invocations=10 (full 2):
 PSYoungGen      total 372736K, used 3367K [0x000000076ab00000, 0x000000078bc00000, 0x00000007c0000000)
  eden space 369152K, 0% used [0x000000076ab00000,0x000000076ab00000,0x0000000781380000)
  from space 3584K, 93% used [0x000000078b880000,0x000000078bbc9f90,0x000000078bc00000)
  to   space 16896K, 0% used [0x0000000789b00000,0x0000000789b00000,0x000000078ab80000)
 ParOldGen       total 128512K, used 23190K [0x00000006c0000000, 0x00000006c7d80000, 0x000000076ab00000)
  object space 128512K, 18% used [0x00000006c0000000,0x00000006c16a5b68,0x00000006c7d80000)
 Metaspace       used 29732K, capacity 36708K, committed 36824K, reserved 1077248K
  class space    used 7443K, capacity 9943K, committed 9944K, reserved 1048576K
}
Event: 496.857 GC heap before
{Heap before GC invocations=11 (full 2):
 PSYoungGen      total 372736K, used 372519K [0x000000076ab00000, 0x000000078bc00000, 0x00000007c0000000)
  eden space 369152K, 100% used [0x000000076ab00000,0x0000000781380000,0x0000000781380000)
  from space 3584K, 93% used [0x000000078b880000,0x000000078bbc9f90,0x000000078bc00000)
  to   space 16896K, 0% used [0x0000000789b00000,0x0000000789b00000,0x000000078ab80000)
 ParOldGen       total 128512K, used 23190K [0x00000006c0000000, 0x00000006c7d80000, 0x000000076ab00000)
  object space 128512K, 18% used [0x00000006c0000000,0x00000006c16a5b68,0x00000006c7d80000)
 Metaspace       used 29732K, capacity 36708K, committed 36824K, reserved 1077248K
  class space    used 7443K, capacity 9943K, committed 9944K, reserved 1048576K
Event: 496.861 GC heap after
Heap after GC invocations=11 (full 2):
 PSYoungGen      total 458752K, used 3872K [0x000000076ab00000, 0x000000078b900000, 0x00000007c0000000)
  eden space 454656K, 0% used [0x000000076ab00000,0x000000076ab00000,0x0000000786700000)
  from space 4096K, 94% used [0x0000000789b00000,0x0000000789ec8000,0x0000000789f00000)
  to   space 16896K, 0% used [0x000000078a880000,0x000000078a880000,0x000000078b900000)
 ParOldGen       total 128512K, used 23198K [0x00000006c0000000, 0x00000006c7d80000, 0x000000076ab00000)
  object space 128512K, 18% used [0x00000006c0000000,0x00000006c16a7b68,0x00000006c7d80000)
 Metaspace       used 29732K, capacity 36708K, committed 36824K, reserved 1077248K
  class space    used 7443K, capacity 9943K, committed 9944K, reserved 1048576K
}
Event: 497.668 GC heap before
{Heap before GC invocations=12 (full 2):
 PSYoungGen      total 458752K, used 458528K [0x000000076ab00000, 0x000000078b900000, 0x00000007c0000000)
  eden space 454656K, 100% used [0x000000076ab00000,0x0000000786700000,0x0000000786700000)
  from space 4096K, 94% used [0x0000000789b00000,0x0000000789ec8000,0x0000000789f00000)
  to   space 16896K, 0% used [0x000000078a880000,0x000000078a880000,0x000000078b900000)
 ParOldGen       total 128512K, used 23198K [0x00000006c0000000, 0x00000006c7d80000, 0x000000076ab00000)
  object space 128512K, 18% used [0x00000006c0000000,0x00000006c16a7b68,0x00000006c7d80000)
 Metaspace       used 32385K, capacity 41106K, committed 41432K, reserved 1079296K
  class space    used 8265K, capacity 11377K, committed 11480K, reserved 1048576K
Event: 497.677 GC heap after
Heap after GC invocations=12 (full 2):
 PSYoungGen      total 521728K, used 9968K [0x000000076ab00000, 0x000000078e680000, 0x00000007c0000000)
  eden space 504832K, 0% used [0x000000076ab00000,0x000000076ab00000,0x0000000789800000)
  from space 16896K, 58% used [0x000000078a880000,0x000000078b23c020,0x000000078b900000)
  to   space 16896K, 0% used [0x0000000789800000,0x0000000789800000,0x000000078a880000)
 ParOldGen       total 128512K, used 23206K [0x00000006c0000000, 0x00000006c7d80000, 0x000000076ab00000)
  object space 128512K, 18% used [0x00000006c0000000,0x00000006c16a9b68,0x00000006c7d80000)
 Metaspace       used 32385K, capacity 41106K, committed 41432K, reserved 1079296K
  class space    used 8265K, capacity 11377K, committed 11480K, reserved 1048576K
}
Event: 498.902 GC heap before
{Heap before GC invocations=13 (full 2):
 PSYoungGen      total 521728K, used 514800K [0x000000076ab00000, 0x000000078e680000, 0x00000007c0000000)
  eden space 504832K, 100% used [0x000000076ab00000,0x0000000789800000,0x0000000789800000)
  from space 16896K, 58% used [0x000000078a880000,0x000000078b23c020,0x000000078b900000)
  to   space 16896K, 0% used [0x0000000789800000,0x0000000789800000,0x000000078a880000)
 ParOldGen       total 128512K, used 23206K [0x00000006c0000000, 0x00000006c7d80000, 0x000000076ab00000)
  object space 128512K, 18% used [0x00000006c0000000,0x00000006c16a9b68,0x00000006c7d80000)
 Metaspace       used 37507K, capacity 50422K, committed 50776K, reserved 1085440K
  class space    used 9720K, capacity 14048K, committed 14168K, reserved 1048576K
Event: 498.914 GC heap after
Heap after GC invocations=13 (full 2):
 PSYoungGen      total 521728K, used 15080K [0x000000076ab00000, 0x0000000791d80000, 0x00000007c0000000)
  eden space 504832K, 0% used [0x000000076ab00000,0x000000076ab00000,0x0000000789800000)
  from space 16896K, 89% used [0x0000000789800000,0x000000078a6ba308,0x000000078a880000)
  to   space 18432K, 0% used [0x0000000790b80000,0x0000000790b80000,0x0000000791d80000)
 ParOldGen       total 128512K, used 23214K [0x00000006c0000000, 0x00000006c7d80000, 0x000000076ab00000)
  object space 128512K, 18% used [0x00000006c0000000,0x00000006c16abb68,0x00000006c7d80000)
 Metaspace       used 37507K, capacity 50422K, committed 50776K, reserved 1085440K
  class space    used 9720K, capacity 14048K, committed 14168K, reserved 1048576K
}

